<?xml version="1.0" encoding="UTF-8"?>
<testsuite name="pa10.GraphTest" tests="4" skipped="0" failures="0" errors="0" timestamp="2024-12-04T19:04:46" hostname="michaels-Air.fu.campus" time="0.182">
  <properties/>
  <testcase name="testTopologicalSortWithKahn()" classname="pa10.GraphTest" time="0.085"/>
  <testcase name="testGraphWithCycle()" classname="pa10.GraphTest" time="0.007"/>
  <testcase name="testDisconnectedGraph()" classname="pa10.GraphTest" time="0.068"/>
  <testcase name="testTopologicalSortWithDFS()" classname="pa10.GraphTest" time="0.005"/>
  <system-out><![CDATA[]]></system-out>
  <system-err><![CDATA[]]></system-err>
</testsuite>
